<?xml version="1.0" encoding="UTF-8"?><testsuite errors="0" failures="0" name="Testing different products on the Best Api Application" skipped="0" tests="4" time="10.75" timestamp="2022-06-21T00:44:53.091+01:00[Europe/London]"><testcase name="Check if the products application is accessed by the users"/><testcase name="Check if User can add  products in the application"/><testcase name="Check if User can update  products in the application"/><testcase name="Check if User can Delete  products in the application"/></testsuite>